{"C:\\Users\\UINETWORKS\\taeo-modules\\src\\index.ts": {"path":"C:\\Users\\UINETWORKS\\taeo-modules\\src\\index.ts","statementMap":{"0":{"start":{"line":1,"column":0},"end":{"line":1,"column":26}},"1":{"start":{"line":4,"column":0},"end":{"line":4,"column":26}},"2":{"start":{"line":5,"column":0},"end":{"line":5,"column":37}},"3":{"start":{"line":8,"column":0},"end":{"line":8,"column":24}}},"fnMap":{},"branchMap":{},"s":{"0":0,"1":0,"2":0,"3":0},"f":{},"b":{}}
,"C:\\Users\\UINETWORKS\\taeo-modules\\src\\helpers\\index.ts": {"path":"C:\\Users\\UINETWORKS\\taeo-modules\\src\\helpers\\index.ts","statementMap":{"0":{"start":{"line":1,"column":0},"end":{"line":1,"column":53}},"1":{"start":{"line":2,"column":0},"end":{"line":2,"column":53}},"2":{"start":{"line":3,"column":0},"end":{"line":3,"column":57}},"3":{"start":{"line":4,"column":0},"end":{"line":4,"column":57}},"4":{"start":{"line":5,"column":0},"end":{"line":5,"column":48}},"5":{"start":{"line":7,"column":0},"end":{"line":7,"column":45}},"6":{"start":{"line":9,"column":0},"end":{"line":9,"column":52}},"7":{"start":{"line":11,"column":0},"end":{"line":11,"column":54}},"8":{"start":{"line":12,"column":0},"end":{"line":12,"column":57}},"9":{"start":{"line":13,"column":0},"end":{"line":13,"column":55}},"10":{"start":{"line":14,"column":0},"end":{"line":14,"column":55}},"11":{"start":{"line":15,"column":0},"end":{"line":15,"column":55}},"12":{"start":{"line":16,"column":0},"end":{"line":16,"column":48}},"13":{"start":{"line":17,"column":0},"end":{"line":17,"column":50}},"14":{"start":{"line":18,"column":0},"end":{"line":18,"column":54}},"15":{"start":{"line":20,"column":0},"end":{"line":20,"column":65}},"16":{"start":{"line":22,"column":0},"end":{"line":22,"column":55}},"17":{"start":{"line":23,"column":0},"end":{"line":23,"column":52}}},"fnMap":{},"branchMap":{},"s":{"0":2,"1":2,"2":2,"3":2,"4":2,"5":2,"6":2,"7":2,"8":2,"9":2,"10":2,"11":2,"12":2,"13":2,"14":2,"15":2,"16":2,"17":2},"f":{},"b":{}}
,"C:\\Users\\UINETWORKS\\taeo-modules\\src\\helpers\\checker\\equal-value-checker.helper.ts": {"path":"C:\\Users\\UINETWORKS\\taeo-modules\\src\\helpers\\checker\\equal-value-checker.helper.ts","statementMap":{"0":{"start":{"line":11,"column":2},"end":{"line":11,"column":38}},"1":{"start":{"line":11,"column":25},"end":{"line":11,"column":38}},"2":{"start":{"line":12,"column":2},"end":{"line":12,"column":14}},"3":{"start":{"line":10,"column":0},"end":{"line":10,"column":16}}},"fnMap":{"0":{"name":"equalValueChecker","decl":{"start":{"line":10,"column":16},"end":{"line":10,"column":33}},"loc":{"start":{"line":10,"column":70},"end":{"line":13,"column":1}}}},"branchMap":{"0":{"loc":{"start":{"line":11,"column":2},"end":{"line":11,"column":38}},"type":"if","locations":[{"start":{"line":11,"column":2},"end":{"line":11,"column":38}}]}},"s":{"0":0,"1":0,"2":0,"3":2},"f":{"0":0},"b":{"0":[0]}}
,"C:\\Users\\UINETWORKS\\taeo-modules\\src\\helpers\\checker\\is-alphabet-checker.helper.ts": {"path":"C:\\Users\\UINETWORKS\\taeo-modules\\src\\helpers\\checker\\is-alphabet-checker.helper.ts","statementMap":{"0":{"start":{"line":10,"column":18},"end":{"line":10,"column":48}},"1":{"start":{"line":11,"column":2},"end":{"line":11,"column":80}},"2":{"start":{"line":12,"column":2},"end":{"line":12,"column":17}},"3":{"start":{"line":9,"column":0},"end":{"line":9,"column":16}}},"fnMap":{"0":{"name":"isAlphabetChecker","decl":{"start":{"line":9,"column":16},"end":{"line":9,"column":33}},"loc":{"start":{"line":9,"column":56},"end":{"line":13,"column":1}}}},"branchMap":{},"s":{"0":0,"1":0,"2":0,"3":2},"f":{"0":0},"b":{}}
,"C:\\Users\\UINETWORKS\\taeo-modules\\src\\helpers\\checker\\is-data-compare-checker.helper.ts": {"path":"C:\\Users\\UINETWORKS\\taeo-modules\\src\\helpers\\checker\\is-data-compare-checker.helper.ts","statementMap":{"0":{"start":{"line":11,"column":17},"end":{"line":11,"column":37}},"1":{"start":{"line":13,"column":2},"end":{"line":13,"column":119}},"2":{"start":{"line":15,"column":2},"end":{"line":15,"column":16}},"3":{"start":{"line":10,"column":0},"end":{"line":10,"column":16}}},"fnMap":{"0":{"name":"isDataCompareChecker","decl":{"start":{"line":10,"column":16},"end":{"line":10,"column":36}},"loc":{"start":{"line":10,"column":63},"end":{"line":16,"column":1}}}},"branchMap":{},"s":{"0":0,"1":0,"2":0,"3":2},"f":{"0":0},"b":{}}
,"C:\\Users\\UINETWORKS\\taeo-modules\\src\\helpers\\checker\\is-empty-object-checker.helper.ts": {"path":"C:\\Users\\UINETWORKS\\taeo-modules\\src\\helpers\\checker\\is-empty-object-checker.helper.ts","statementMap":{"0":{"start":{"line":9,"column":2},"end":{"line":9,"column":59}},"1":{"start":{"line":9,"column":47},"end":{"line":9,"column":59}},"2":{"start":{"line":10,"column":2},"end":{"line":10,"column":42}},"3":{"start":{"line":8,"column":0},"end":{"line":8,"column":16}}},"fnMap":{"0":{"name":"isEmptyObjectChecker","decl":{"start":{"line":8,"column":16},"end":{"line":8,"column":36}},"loc":{"start":{"line":8,"column":46},"end":{"line":11,"column":1}}}},"branchMap":{"0":{"loc":{"start":{"line":9,"column":2},"end":{"line":9,"column":59}},"type":"if","locations":[{"start":{"line":9,"column":2},"end":{"line":9,"column":59}}]},"1":{"loc":{"start":{"line":9,"column":6},"end":{"line":9,"column":45}},"type":"binary-expr","locations":[{"start":{"line":9,"column":6},"end":{"line":9,"column":29}},{"start":{"line":9,"column":33},"end":{"line":9,"column":45}}]}},"s":{"0":0,"1":0,"2":0,"3":2},"f":{"0":0},"b":{"0":[0],"1":[0,0]}}
,"C:\\Users\\UINETWORKS\\taeo-modules\\src\\helpers\\checker\\is-ref-checker.helper.ts": {"path":"C:\\Users\\UINETWORKS\\taeo-modules\\src\\helpers\\checker\\is-ref-checker.helper.ts","statementMap":{"0":{"start":{"line":8,"column":2},"end":{"line":8,"column":78}},"1":{"start":{"line":10,"column":2},"end":{"line":17,"column":3}},"2":{"start":{"line":11,"column":22},"end":{"line":11,"column":45}},"3":{"start":{"line":13,"column":4},"end":{"line":13,"column":152}},"4":{"start":{"line":15,"column":4},"end":{"line":15,"column":41}},"5":{"start":{"line":15,"column":28},"end":{"line":15,"column":41}},"6":{"start":{"line":16,"column":4},"end":{"line":16,"column":16}},"7":{"start":{"line":18,"column":2},"end":{"line":18,"column":15}},"8":{"start":{"line":7,"column":0},"end":{"line":7,"column":16}}},"fnMap":{"0":{"name":"isRefChecker","decl":{"start":{"line":7,"column":16},"end":{"line":7,"column":28}},"loc":{"start":{"line":7,"column":41},"end":{"line":19,"column":1}}}},"branchMap":{"0":{"loc":{"start":{"line":10,"column":2},"end":{"line":17,"column":3}},"type":"if","locations":[{"start":{"line":10,"column":2},"end":{"line":17,"column":3}}]},"1":{"loc":{"start":{"line":10,"column":6},"end":{"line":10,"column":56}},"type":"binary-expr","locations":[{"start":{"line":10,"column":6},"end":{"line":10,"column":9}},{"start":{"line":10,"column":13},"end":{"line":10,"column":36}},{"start":{"line":10,"column":40},"end":{"line":10,"column":56}}]},"2":{"loc":{"start":{"line":13,"column":19},"end":{"line":13,"column":80}},"type":"binary-expr","locations":[{"start":{"line":13,"column":19},"end":{"line":13,"column":50}},{"start":{"line":13,"column":54},"end":{"line":13,"column":80}}]},"3":{"loc":{"start":{"line":15,"column":4},"end":{"line":15,"column":41}},"type":"if","locations":[{"start":{"line":15,"column":4},"end":{"line":15,"column":41}}]}},"s":{"0":0,"1":0,"2":0,"3":0,"4":0,"5":0,"6":0,"7":0,"8":2},"f":{"0":0},"b":{"0":[0],"1":[0,0,0],"2":[0,0],"3":[0]}}
,"C:\\Users\\UINETWORKS\\taeo-modules\\src\\helpers\\date\\date-plus-year.helper.ts": {"path":"C:\\Users\\UINETWORKS\\taeo-modules\\src\\helpers\\date\\date-plus-year.helper.ts","statementMap":{"0":{"start":{"line":13,"column":2},"end":{"line":34,"column":3}},"1":{"start":{"line":14,"column":4},"end":{"line":14,"column":86}},"2":{"start":{"line":16,"column":4},"end":{"line":16,"column":32}},"3":{"start":{"line":16,"column":20},"end":{"line":16,"column":32}},"4":{"start":{"line":18,"column":28},"end":{"line":18,"column":47}},"5":{"start":{"line":20,"column":4},"end":{"line":20,"column":99}},"6":{"start":{"line":20,"column":63},"end":{"line":20,"column":99}},"7":{"start":{"line":22,"column":4},"end":{"line":22,"column":66}},"8":{"start":{"line":24,"column":33},"end":{"line":24,"column":68}},"9":{"start":{"line":26,"column":4},"end":{"line":26,"column":32}},"10":{"start":{"line":28,"column":4},"end":{"line":32,"column":5}},"11":{"start":{"line":29,"column":6},"end":{"line":29,"column":62}},"12":{"start":{"line":31,"column":6},"end":{"line":31,"column":54}},"13":{"start":{"line":33,"column":4},"end":{"line":33,"column":24}},"14":{"start":{"line":12,"column":0},"end":{"line":12,"column":16}}},"fnMap":{"0":{"name":"datePlusYear","decl":{"start":{"line":12,"column":16},"end":{"line":12,"column":28}},"loc":{"start":{"line":12,"column":68},"end":{"line":35,"column":1}}}},"branchMap":{"0":{"loc":{"start":{"line":12,"column":48},"end":{"line":12,"column":68}},"type":"default-arg","locations":[{"start":{"line":12,"column":67},"end":{"line":12,"column":68}}]},"1":{"loc":{"start":{"line":16,"column":4},"end":{"line":16,"column":32}},"type":"if","locations":[{"start":{"line":16,"column":4},"end":{"line":16,"column":32}}]},"2":{"loc":{"start":{"line":20,"column":4},"end":{"line":20,"column":99}},"type":"if","locations":[{"start":{"line":20,"column":4},"end":{"line":20,"column":99}}]},"3":{"loc":{"start":{"line":20,"column":8},"end":{"line":20,"column":61}},"type":"binary-expr","locations":[{"start":{"line":20,"column":8},"end":{"line":20,"column":39}},{"start":{"line":20,"column":43},"end":{"line":20,"column":61}}]},"4":{"loc":{"start":{"line":28,"column":4},"end":{"line":32,"column":5}},"type":"if","locations":[{"start":{"line":28,"column":4},"end":{"line":32,"column":5}},{"start":{"line":30,"column":11},"end":{"line":32,"column":5}}]}},"s":{"0":0,"1":0,"2":0,"3":0,"4":0,"5":0,"6":0,"7":0,"8":0,"9":0,"10":0,"11":0,"12":0,"13":0,"14":2},"f":{"0":0},"b":{"0":[0],"1":[0],"2":[0],"3":[0,0],"4":[0,0]}}
,"C:\\Users\\UINETWORKS\\taeo-modules\\src\\helpers\\form\\phone-number-to-array.helper.ts": {"path":"C:\\Users\\UINETWORKS\\taeo-modules\\src\\helpers\\form\\phone-number-to-array.helper.ts","statementMap":{"0":{"start":{"line":12,"column":2},"end":{"line":12,"column":120}},"1":{"start":{"line":15,"column":20},"end":{"line":15,"column":48}},"2":{"start":{"line":16,"column":2},"end":{"line":16,"column":108}},"3":{"start":{"line":19,"column":22},"end":{"line":19,"column":40}},"4":{"start":{"line":20,"column":2},"end":{"line":20,"column":135}},"5":{"start":{"line":22,"column":35},"end":{"line":22,"column":37}},"6":{"start":{"line":24,"column":2},"end":{"line":28,"column":3}},"7":{"start":{"line":25,"column":4},"end":{"line":25,"column":96}},"8":{"start":{"line":26,"column":9},"end":{"line":28,"column":3}},"9":{"start":{"line":27,"column":4},"end":{"line":27,"column":96}},"10":{"start":{"line":30,"column":2},"end":{"line":30,"column":26}},"11":{"start":{"line":10,"column":0},"end":{"line":10,"column":16}}},"fnMap":{"0":{"name":"phoneNumberToArray","decl":{"start":{"line":10,"column":16},"end":{"line":10,"column":34}},"loc":{"start":{"line":10,"column":59},"end":{"line":31,"column":1}}}},"branchMap":{"0":{"loc":{"start":{"line":10,"column":35},"end":{"line":10,"column":59}},"type":"default-arg","locations":[{"start":{"line":10,"column":57},"end":{"line":10,"column":59}}]},"1":{"loc":{"start":{"line":20,"column":17},"end":{"line":20,"column":57}},"type":"binary-expr","locations":[{"start":{"line":20,"column":17},"end":{"line":20,"column":35}},{"start":{"line":20,"column":39},"end":{"line":20,"column":57}}]},"2":{"loc":{"start":{"line":24,"column":2},"end":{"line":28,"column":3}},"type":"if","locations":[{"start":{"line":24,"column":2},"end":{"line":28,"column":3}},{"start":{"line":26,"column":9},"end":{"line":28,"column":3}}]},"3":{"loc":{"start":{"line":26,"column":9},"end":{"line":28,"column":3}},"type":"if","locations":[{"start":{"line":26,"column":9},"end":{"line":28,"column":3}}]}},"s":{"0":0,"1":0,"2":0,"3":0,"4":0,"5":0,"6":0,"7":0,"8":0,"9":0,"10":0,"11":2},"f":{"0":0},"b":{"0":[0],"1":[0,0],"2":[0,0],"3":[0]}}
,"C:\\Users\\UINETWORKS\\taeo-modules\\src\\helpers\\format\\date-to-korean-string.helper.ts": {"path":"C:\\Users\\UINETWORKS\\taeo-modules\\src\\helpers\\format\\date-to-korean-string.helper.ts","statementMap":{"0":{"start":{"line":13,"column":2},"end":{"line":38,"column":3}},"1":{"start":{"line":14,"column":4},"end":{"line":16,"column":5}},"2":{"start":{"line":15,"column":6},"end":{"line":15,"column":72}},"3":{"start":{"line":18,"column":26},"end":{"line":18,"column":40}},"4":{"start":{"line":20,"column":4},"end":{"line":20,"column":99}},"5":{"start":{"line":22,"column":4},"end":{"line":24,"column":5}},"6":{"start":{"line":23,"column":6},"end":{"line":23,"column":43}},"7":{"start":{"line":26,"column":17},"end":{"line":26,"column":38}},"8":{"start":{"line":27,"column":18},"end":{"line":27,"column":40}},"9":{"start":{"line":28,"column":16},"end":{"line":28,"column":33}},"10":{"start":{"line":30,"column":4},"end":{"line":30,"column":76}},"11":{"start":{"line":32,"column":4},"end":{"line":36,"column":5}},"12":{"start":{"line":33,"column":6},"end":{"line":33,"column":72}},"13":{"start":{"line":35,"column":6},"end":{"line":35,"column":72}},"14":{"start":{"line":37,"column":4},"end":{"line":37,"column":16}},"15":{"start":{"line":12,"column":0},"end":{"line":12,"column":16}}},"fnMap":{"0":{"name":"dateToKoreanString","decl":{"start":{"line":12,"column":16},"end":{"line":12,"column":34}},"loc":{"start":{"line":12,"column":103},"end":{"line":39,"column":1}}}},"branchMap":{"0":{"loc":{"start":{"line":12,"column":49},"end":{"line":12,"column":103}},"type":"default-arg","locations":[{"start":{"line":12,"column":68},"end":{"line":12,"column":103}}]},"1":{"loc":{"start":{"line":14,"column":4},"end":{"line":16,"column":5}},"type":"if","locations":[{"start":{"line":14,"column":4},"end":{"line":16,"column":5}}]},"2":{"loc":{"start":{"line":22,"column":4},"end":{"line":24,"column":5}},"type":"if","locations":[{"start":{"line":22,"column":4},"end":{"line":24,"column":5}}]},"3":{"loc":{"start":{"line":32,"column":4},"end":{"line":36,"column":5}},"type":"if","locations":[{"start":{"line":32,"column":4},"end":{"line":36,"column":5}},{"start":{"line":34,"column":11},"end":{"line":36,"column":5}}]}},"s":{"0":0,"1":0,"2":0,"3":0,"4":0,"5":0,"6":0,"7":0,"8":0,"9":0,"10":0,"11":0,"12":0,"13":0,"14":0,"15":2},"f":{"0":0},"b":{"0":[0],"1":[0],"2":[0],"3":[0,0]}}
,"C:\\Users\\UINETWORKS\\taeo-modules\\src\\helpers\\format\\extraction-only-alpahbet.helper.ts": {"path":"C:\\Users\\UINETWORKS\\taeo-modules\\src\\helpers\\format\\extraction-only-alpahbet.helper.ts","statementMap":{"0":{"start":{"line":14,"column":2},"end":{"line":14,"column":79}},"1":{"start":{"line":16,"column":2},"end":{"line":18,"column":3}},"2":{"start":{"line":17,"column":4},"end":{"line":17,"column":75}},"3":{"start":{"line":20,"column":2},"end":{"line":20,"column":47}},"4":{"start":{"line":22,"column":2},"end":{"line":22,"column":16}},"5":{"start":{"line":11,"column":0},"end":{"line":11,"column":16}}},"fnMap":{"0":{"name":"extractionOnlyAlphabet","decl":{"start":{"line":11,"column":16},"end":{"line":11,"column":38}},"loc":{"start":{"line":11,"column":54},"end":{"line":23,"column":1}}}},"branchMap":{"0":{"loc":{"start":{"line":16,"column":2},"end":{"line":18,"column":3}},"type":"if","locations":[{"start":{"line":16,"column":2},"end":{"line":18,"column":3}}]}},"s":{"0":0,"1":0,"2":0,"3":0,"4":0,"5":2},"f":{"0":0},"b":{"0":[0]}}
,"C:\\Users\\UINETWORKS\\taeo-modules\\src\\helpers\\format\\extraction-only-korean.helper.ts": {"path":"C:\\Users\\UINETWORKS\\taeo-modules\\src\\helpers\\format\\extraction-only-korean.helper.ts","statementMap":{"0":{"start":{"line":13,"column":2},"end":{"line":13,"column":79}},"1":{"start":{"line":14,"column":2},"end":{"line":16,"column":3}},"2":{"start":{"line":15,"column":4},"end":{"line":15,"column":75}},"3":{"start":{"line":17,"column":2},"end":{"line":17,"column":44}},"4":{"start":{"line":18,"column":2},"end":{"line":18,"column":16}},"5":{"start":{"line":11,"column":0},"end":{"line":11,"column":16}}},"fnMap":{"0":{"name":"extractionOnlyKorean","decl":{"start":{"line":11,"column":16},"end":{"line":11,"column":36}},"loc":{"start":{"line":11,"column":52},"end":{"line":19,"column":1}}}},"branchMap":{"0":{"loc":{"start":{"line":14,"column":2},"end":{"line":16,"column":3}},"type":"if","locations":[{"start":{"line":14,"column":2},"end":{"line":16,"column":3}}]}},"s":{"0":0,"1":0,"2":0,"3":0,"4":0,"5":2},"f":{"0":0},"b":{"0":[0]}}
,"C:\\Users\\UINETWORKS\\taeo-modules\\src\\helpers\\format\\extraction-only-number.helper.ts": {"path":"C:\\Users\\UINETWORKS\\taeo-modules\\src\\helpers\\format\\extraction-only-number.helper.ts","statementMap":{"0":{"start":{"line":12,"column":2},"end":{"line":12,"column":79}},"1":{"start":{"line":13,"column":2},"end":{"line":15,"column":3}},"2":{"start":{"line":14,"column":4},"end":{"line":14,"column":75}},"3":{"start":{"line":16,"column":2},"end":{"line":16,"column":81}},"4":{"start":{"line":17,"column":2},"end":{"line":17,"column":16}},"5":{"start":{"line":10,"column":0},"end":{"line":10,"column":16}}},"fnMap":{"0":{"name":"extractionOnlyNumber","decl":{"start":{"line":10,"column":16},"end":{"line":10,"column":36}},"loc":{"start":{"line":10,"column":52},"end":{"line":18,"column":1}}}},"branchMap":{"0":{"loc":{"start":{"line":13,"column":2},"end":{"line":15,"column":3}},"type":"if","locations":[{"start":{"line":13,"column":2},"end":{"line":15,"column":3}}]}},"s":{"0":0,"1":0,"2":0,"3":0,"4":0,"5":2},"f":{"0":0},"b":{"0":[0]}}
,"C:\\Users\\UINETWORKS\\taeo-modules\\src\\helpers\\format\\extraction-only-string.helper.ts": {"path":"C:\\Users\\UINETWORKS\\taeo-modules\\src\\helpers\\format\\extraction-only-string.helper.ts","statementMap":{"0":{"start":{"line":9,"column":2},"end":{"line":9,"column":77}},"1":{"start":{"line":10,"column":2},"end":{"line":12,"column":3}},"2":{"start":{"line":11,"column":4},"end":{"line":11,"column":75}},"3":{"start":{"line":13,"column":17},"end":{"line":13,"column":46}},"4":{"start":{"line":14,"column":2},"end":{"line":14,"column":16}},"5":{"start":{"line":8,"column":0},"end":{"line":8,"column":16}}},"fnMap":{"0":{"name":"extractionOnlyString","decl":{"start":{"line":8,"column":16},"end":{"line":8,"column":36}},"loc":{"start":{"line":8,"column":52},"end":{"line":15,"column":1}}}},"branchMap":{"0":{"loc":{"start":{"line":10,"column":2},"end":{"line":12,"column":3}},"type":"if","locations":[{"start":{"line":10,"column":2},"end":{"line":12,"column":3}}]}},"s":{"0":0,"1":0,"2":0,"3":0,"4":0,"5":2},"f":{"0":0},"b":{"0":[0]}}
,"C:\\Users\\UINETWORKS\\taeo-modules\\src\\helpers\\format\\number-by-comma.helper.ts": {"path":"C:\\Users\\UINETWORKS\\taeo-modules\\src\\helpers\\format\\number-by-comma.helper.ts","statementMap":{"0":{"start":{"line":8,"column":2},"end":{"line":23,"column":3}},"1":{"start":{"line":10,"column":28},"end":{"line":10,"column":89}},"2":{"start":{"line":12,"column":4},"end":{"line":12,"column":53}},"3":{"start":{"line":14,"column":4},"end":{"line":14,"column":97}},"4":{"start":{"line":15,"column":4},"end":{"line":15,"column":97}},"5":{"start":{"line":16,"column":4},"end":{"line":16,"column":103}},"6":{"start":{"line":18,"column":4},"end":{"line":18,"column":27}},"7":{"start":{"line":21,"column":4},"end":{"line":21,"column":53}},"8":{"start":{"line":22,"column":4},"end":{"line":22,"column":48}},"9":{"start":{"line":7,"column":0},"end":{"line":7,"column":16}}},"fnMap":{"0":{"name":"numberByComma","decl":{"start":{"line":7,"column":16},"end":{"line":7,"column":29}},"loc":{"start":{"line":7,"column":44},"end":{"line":24,"column":1}}}},"branchMap":{"0":{"loc":{"start":{"line":10,"column":28},"end":{"line":10,"column":89}},"type":"cond-expr","locations":[{"start":{"line":10,"column":57},"end":{"line":10,"column":80}},{"start":{"line":10,"column":83},"end":{"line":10,"column":89}}]}},"s":{"0":0,"1":0,"2":0,"3":0,"4":0,"5":0,"6":0,"7":0,"8":0,"9":2},"f":{"0":0},"b":{"0":[0,0]}}
,"C:\\Users\\UINETWORKS\\taeo-modules\\src\\helpers\\format\\time-split-format.helper.ts": {"path":"C:\\Users\\UINETWORKS\\taeo-modules\\src\\helpers\\format\\time-split-format.helper.ts","statementMap":{"0":{"start":{"line":13,"column":2},"end":{"line":16,"column":3}},"1":{"start":{"line":14,"column":4},"end":{"line":14,"column":69}},"2":{"start":{"line":15,"column":4},"end":{"line":15,"column":14}},"3":{"start":{"line":17,"column":2},"end":{"line":20,"column":3}},"4":{"start":{"line":18,"column":4},"end":{"line":18,"column":76}},"5":{"start":{"line":19,"column":4},"end":{"line":19,"column":21}},"6":{"start":{"line":22,"column":23},"end":{"line":22,"column":43}},"7":{"start":{"line":23,"column":2},"end":{"line":23,"column":22}},"8":{"start":{"line":12,"column":0},"end":{"line":12,"column":16}}},"fnMap":{"0":{"name":"timeSplitFormat","decl":{"start":{"line":12,"column":16},"end":{"line":12,"column":31}},"loc":{"start":{"line":12,"column":52},"end":{"line":24,"column":1}}}},"branchMap":{"0":{"loc":{"start":{"line":13,"column":2},"end":{"line":16,"column":3}},"type":"if","locations":[{"start":{"line":13,"column":2},"end":{"line":16,"column":3}}]},"1":{"loc":{"start":{"line":17,"column":2},"end":{"line":20,"column":3}},"type":"if","locations":[{"start":{"line":17,"column":2},"end":{"line":20,"column":3}}]},"2":{"loc":{"start":{"line":17,"column":6},"end":{"line":17,"column":62}},"type":"binary-expr","locations":[{"start":{"line":17,"column":6},"end":{"line":17,"column":22}},{"start":{"line":17,"column":26},"end":{"line":17,"column":62}}]}},"s":{"0":0,"1":0,"2":0,"3":0,"4":0,"5":0,"6":0,"7":0,"8":2},"f":{"0":0},"b":{"0":[0],"1":[0],"2":[0,0]}}
,"C:\\Users\\UINETWORKS\\taeo-modules\\src\\helpers\\format\\time-to-korean-string.helper.ts": {"path":"C:\\Users\\UINETWORKS\\taeo-modules\\src\\helpers\\format\\time-to-korean-string.helper.ts","statementMap":{"0":{"start":{"line":9,"column":34},"end":{"line":9,"column":54}},"1":{"start":{"line":11,"column":28},"end":{"line":11,"column":56}},"2":{"start":{"line":13,"column":2},"end":{"line":16,"column":3}},"3":{"start":{"line":14,"column":4},"end":{"line":14,"column":105}},"4":{"start":{"line":15,"column":4},"end":{"line":15,"column":30}},"5":{"start":{"line":20,"column":2},"end":{"line":23,"column":3}},"6":{"start":{"line":21,"column":4},"end":{"line":21,"column":24}},"7":{"start":{"line":22,"column":4},"end":{"line":22,"column":52}},"8":{"start":{"line":25,"column":2},"end":{"line":28,"column":3}},"9":{"start":{"line":26,"column":4},"end":{"line":26,"column":50}},"10":{"start":{"line":27,"column":4},"end":{"line":27,"column":54}},"11":{"start":{"line":30,"column":2},"end":{"line":30,"column":74}},"12":{"start":{"line":8,"column":0},"end":{"line":8,"column":16}}},"fnMap":{"0":{"name":"timeToKoreanString","decl":{"start":{"line":8,"column":16},"end":{"line":8,"column":34}},"loc":{"start":{"line":8,"column":52},"end":{"line":31,"column":1}}}},"branchMap":{"0":{"loc":{"start":{"line":11,"column":28},"end":{"line":11,"column":56}},"type":"binary-expr","locations":[{"start":{"line":11,"column":28},"end":{"line":11,"column":33}},{"start":{"line":11,"column":37},"end":{"line":11,"column":44}},{"start":{"line":11,"column":48},"end":{"line":11,"column":56}}]},"1":{"loc":{"start":{"line":13,"column":2},"end":{"line":16,"column":3}},"type":"if","locations":[{"start":{"line":13,"column":2},"end":{"line":16,"column":3}}]},"2":{"loc":{"start":{"line":20,"column":2},"end":{"line":23,"column":3}},"type":"if","locations":[{"start":{"line":20,"column":2},"end":{"line":23,"column":3}}]},"3":{"loc":{"start":{"line":20,"column":6},"end":{"line":20,"column":69}},"type":"binary-expr","locations":[{"start":{"line":20,"column":6},"end":{"line":20,"column":36}},{"start":{"line":20,"column":40},"end":{"line":20,"column":69}}]},"4":{"loc":{"start":{"line":22,"column":11},"end":{"line":22,"column":51}},"type":"cond-expr","locations":[{"start":{"line":22,"column":18},"end":{"line":22,"column":24}},{"start":{"line":22,"column":27},"end":{"line":22,"column":51}}]},"5":{"loc":{"start":{"line":25,"column":2},"end":{"line":28,"column":3}},"type":"if","locations":[{"start":{"line":25,"column":2},"end":{"line":28,"column":3}}]},"6":{"loc":{"start":{"line":26,"column":25},"end":{"line":26,"column":47}},"type":"binary-expr","locations":[{"start":{"line":26,"column":25},"end":{"line":26,"column":31}},{"start":{"line":26,"column":35},"end":{"line":26,"column":47}}]},"7":{"loc":{"start":{"line":27,"column":11},"end":{"line":27,"column":53}},"type":"cond-expr","locations":[{"start":{"line":27,"column":20},"end":{"line":27,"column":26}},{"start":{"line":27,"column":29},"end":{"line":27,"column":53}}]},"8":{"loc":{"start":{"line":30,"column":21},"end":{"line":30,"column":43}},"type":"binary-expr","locations":[{"start":{"line":30,"column":21},"end":{"line":30,"column":27}},{"start":{"line":30,"column":31},"end":{"line":30,"column":43}}]},"9":{"loc":{"start":{"line":30,"column":47},"end":{"line":30,"column":71}},"type":"binary-expr","locations":[{"start":{"line":30,"column":47},"end":{"line":30,"column":54}},{"start":{"line":30,"column":58},"end":{"line":30,"column":71}}]}},"s":{"0":0,"1":0,"2":0,"3":0,"4":0,"5":0,"6":0,"7":0,"8":0,"9":0,"10":0,"11":0,"12":2},"f":{"0":0},"b":{"0":[0,0,0],"1":[0],"2":[0],"3":[0,0],"4":[0,0],"5":[0],"6":[0,0],"7":[0,0],"8":[0,0],"9":[0,0]}}
,"C:\\Users\\UINETWORKS\\taeo-modules\\src\\helpers\\language\\korean-subject-particle-modify.helper.ts": {"path":"C:\\Users\\UINETWORKS\\taeo-modules\\src\\helpers\\language\\korean-subject-particle-modify.helper.ts","statementMap":{"0":{"start":{"line":10,"column":18},"end":{"line":10,"column":33}},"1":{"start":{"line":12,"column":2},"end":{"line":12,"column":41}},"2":{"start":{"line":12,"column":29},"end":{"line":12,"column":41}},"3":{"start":{"line":15,"column":19},"end":{"line":15,"column":55}},"4":{"start":{"line":18,"column":24},"end":{"line":18,"column":47}},"5":{"start":{"line":22,"column":2},"end":{"line":28,"column":3}},"6":{"start":{"line":24,"column":4},"end":{"line":24,"column":19}},"7":{"start":{"line":27,"column":4},"end":{"line":27,"column":19}},"8":{"start":{"line":31,"column":17},"end":{"line":31,"column":39}},"9":{"start":{"line":36,"column":2},"end":{"line":36,"column":16}},"10":{"start":{"line":9,"column":0},"end":{"line":9,"column":16}}},"fnMap":{"0":{"name":"koreanSubjectParticleModifyer","decl":{"start":{"line":9,"column":16},"end":{"line":9,"column":45}},"loc":{"start":{"line":9,"column":60},"end":{"line":37,"column":1}}}},"branchMap":{"0":{"loc":{"start":{"line":12,"column":2},"end":{"line":12,"column":41}},"type":"if","locations":[{"start":{"line":12,"column":2},"end":{"line":12,"column":41}}]},"1":{"loc":{"start":{"line":22,"column":2},"end":{"line":28,"column":3}},"type":"if","locations":[{"start":{"line":22,"column":2},"end":{"line":28,"column":3}},{"start":{"line":25,"column":9},"end":{"line":28,"column":3}}]}},"s":{"0":0,"1":0,"2":0,"3":0,"4":0,"5":0,"6":0,"7":0,"8":0,"9":0,"10":2},"f":{"0":0},"b":{"0":[0],"1":[0,0]}}
,"C:\\Users\\UINETWORKS\\taeo-modules\\src\\helpers\\validate\\is-email-validate.helper.ts": {"path":"C:\\Users\\UINETWORKS\\taeo-modules\\src\\helpers\\validate\\is-email-validate.helper.ts","statementMap":{"0":{"start":{"line":1,"column":16},"end":{"line":1,"column":67}},"1":{"start":{"line":9,"column":2},"end":{"line":9,"column":41}},"2":{"start":{"line":9,"column":28},"end":{"line":9,"column":41}},"3":{"start":{"line":10,"column":2},"end":{"line":10,"column":14}},"4":{"start":{"line":8,"column":0},"end":{"line":8,"column":16}}},"fnMap":{"0":{"name":"isEmailValidate","decl":{"start":{"line":8,"column":16},"end":{"line":8,"column":31}},"loc":{"start":{"line":8,"column":45},"end":{"line":11,"column":1}}}},"branchMap":{"0":{"loc":{"start":{"line":9,"column":2},"end":{"line":9,"column":41}},"type":"if","locations":[{"start":{"line":9,"column":2},"end":{"line":9,"column":41}}]}},"s":{"0":2,"1":2,"2":1,"3":1,"4":2},"f":{"0":2},"b":{"0":[1]}}
,"C:\\Users\\UINETWORKS\\taeo-modules\\src\\helpers\\validate\\only-number-validate.helper.ts": {"path":"C:\\Users\\UINETWORKS\\taeo-modules\\src\\helpers\\validate\\only-number-validate.helper.ts","statementMap":{"0":{"start":{"line":8,"column":17},"end":{"line":8,"column":45}},"1":{"start":{"line":10,"column":2},"end":{"line":10,"column":85}},"2":{"start":{"line":12,"column":2},"end":{"line":12,"column":16}},"3":{"start":{"line":7,"column":0},"end":{"line":7,"column":16}}},"fnMap":{"0":{"name":"onlyNumberValidate","decl":{"start":{"line":7,"column":16},"end":{"line":7,"column":34}},"loc":{"start":{"line":7,"column":48},"end":{"line":13,"column":1}}}},"branchMap":{},"s":{"0":6,"1":6,"2":6,"3":2},"f":{"0":6},"b":{}}
,"C:\\Users\\UINETWORKS\\taeo-modules\\src\\modules\\cookie.module.ts": {"path":"C:\\Users\\UINETWORKS\\taeo-modules\\src\\modules\\cookie.module.ts","statementMap":{"0":{"start":{"line":1,"column":0},"end":{"line":1,"column":37}},"1":{"start":{"line":18,"column":2},"end":{"line":18,"column":36}},"2":{"start":{"line":28,"column":2},"end":{"line":28,"column":37}},"3":{"start":{"line":37,"column":2},"end":{"line":37,"column":33}},"4":{"start":{"line":40,"column":0},"end":{"line":46,"column":5}},"5":{"start":{"line":41,"column":2},"end":{"line":45,"column":4}}},"fnMap":{"0":{"name":"getCookie","decl":{"start":{"line":17,"column":9},"end":{"line":17,"column":18}},"loc":{"start":{"line":17,"column":31},"end":{"line":19,"column":1}}},"1":{"name":"setCookie","decl":{"start":{"line":27,"column":9},"end":{"line":27,"column":18}},"loc":{"start":{"line":27,"column":71},"end":{"line":29,"column":1}}},"2":{"name":"deleteCookie","decl":{"start":{"line":36,"column":9},"end":{"line":36,"column":21}},"loc":{"start":{"line":36,"column":59},"end":{"line":38,"column":1}}},"3":{"name":"(anonymous_3)","decl":{"start":{"line":40,"column":16},"end":{"line":40,"column":null}},"loc":{"start":{"line":40,"column":16},"end":{"line":46,"column":1}}}},"branchMap":{"0":{"loc":{"start":{"line":18,"column":9},"end":{"line":18,"column":35}},"type":"binary-expr","locations":[{"start":{"line":18,"column":9},"end":{"line":18,"column":27}},{"start":{"line":18,"column":31},"end":{"line":18,"column":35}}]},"1":{"loc":{"start":{"line":18,"column":9},"end":{"line":18,"column":27}},"type":"cond-expr","locations":[{"start":{"line":18,"column":16},"end":{"line":18,"column":18}},{"start":{"line":18,"column":9},"end":{"line":18,"column":27}}]},"2":{"loc":{"start":{"line":18,"column":9},"end":{"line":18,"column":18}},"type":"binary-expr","locations":[{"start":{"line":18,"column":9},"end":{"line":18,"column":18}},{"start":{"line":18,"column":9},"end":{"line":18,"column":18}}]},"3":{"loc":{"start":{"line":28,"column":2},"end":{"line":28,"column":36}},"type":"cond-expr","locations":[{"start":{"line":28,"column":9},"end":{"line":28,"column":11}},{"start":{"line":28,"column":2},"end":{"line":28,"column":36}}]},"4":{"loc":{"start":{"line":28,"column":2},"end":{"line":28,"column":11}},"type":"binary-expr","locations":[{"start":{"line":28,"column":2},"end":{"line":28,"column":11}},{"start":{"line":28,"column":2},"end":{"line":28,"column":11}}]},"5":{"loc":{"start":{"line":37,"column":2},"end":{"line":37,"column":32}},"type":"cond-expr","locations":[{"start":{"line":37,"column":9},"end":{"line":37,"column":11}},{"start":{"line":37,"column":2},"end":{"line":37,"column":32}}]},"6":{"loc":{"start":{"line":37,"column":2},"end":{"line":37,"column":11}},"type":"binary-expr","locations":[{"start":{"line":37,"column":2},"end":{"line":37,"column":11}},{"start":{"line":37,"column":2},"end":{"line":37,"column":11}}]}},"s":{"0":0,"1":0,"2":0,"3":0,"4":0,"5":0},"f":{"0":0,"1":0,"2":0,"3":0},"b":{"0":[0,0],"1":[0,0],"2":[0,0],"3":[0,0],"4":[0,0],"5":[0,0],"6":[0,0]}}
,"C:\\Users\\UINETWORKS\\taeo-modules\\src\\modules\\index.ts": {"path":"C:\\Users\\UINETWORKS\\taeo-modules\\src\\modules\\index.ts","statementMap":{"0":{"start":{"line":1,"column":0},"end":{"line":1,"column":32}},"1":{"start":{"line":2,"column":0},"end":{"line":2,"column":38}},"2":{"start":{"line":3,"column":0},"end":{"line":3,"column":32}},"3":{"start":{"line":4,"column":0},"end":{"line":4,"column":31}},"4":{"start":{"line":5,"column":0},"end":{"line":5,"column":31}},"5":{"start":{"line":6,"column":0},"end":{"line":6,"column":31}}},"fnMap":{},"branchMap":{},"s":{"0":0,"1":0,"2":0,"3":0,"4":0,"5":0},"f":{},"b":{}}
,"C:\\Users\\UINETWORKS\\taeo-modules\\src\\modules\\localStorage.module.ts": {"path":"C:\\Users\\UINETWORKS\\taeo-modules\\src\\modules\\localStorage.module.ts","statementMap":{"0":{"start":{"line":10,"column":2},"end":{"line":21,"column":3}},"1":{"start":{"line":11,"column":20},"end":{"line":11,"column":45}},"2":{"start":{"line":13,"column":4},"end":{"line":15,"column":5}},"3":{"start":{"line":14,"column":6},"end":{"line":14,"column":59}},"4":{"start":{"line":17,"column":4},"end":{"line":17,"column":34}},"5":{"start":{"line":19,"column":4},"end":{"line":19,"column":62}},"6":{"start":{"line":20,"column":4},"end":{"line":20,"column":16}},"7":{"start":{"line":30,"column":2},"end":{"line":36,"column":3}},"8":{"start":{"line":31,"column":4},"end":{"line":31,"column":34}},"9":{"start":{"line":32,"column":4},"end":{"line":32,"column":56}},"10":{"start":{"line":33,"column":4},"end":{"line":33,"column":45}},"11":{"start":{"line":35,"column":4},"end":{"line":35,"column":60}},"12":{"start":{"line":44,"column":2},"end":{"line":50,"column":3}},"13":{"start":{"line":45,"column":4},"end":{"line":45,"column":19}},"14":{"start":{"line":46,"column":4},"end":{"line":46,"column":33}},"15":{"start":{"line":47,"column":4},"end":{"line":47,"column":36}},"16":{"start":{"line":49,"column":4},"end":{"line":49,"column":63}},"17":{"start":{"line":60,"column":2},"end":{"line":62,"column":3}},"18":{"start":{"line":61,"column":4},"end":{"line":61,"column":65}},"19":{"start":{"line":74,"column":2},"end":{"line":74,"column":17}},"20":{"start":{"line":77,"column":2},"end":{"line":79,"column":3}},"21":{"start":{"line":78,"column":4},"end":{"line":78,"column":79}},"22":{"start":{"line":88,"column":2},"end":{"line":96,"column":3}},"23":{"start":{"line":90,"column":23},"end":{"line":90,"column":45}},"24":{"start":{"line":91,"column":4},"end":{"line":91,"column":22}},"25":{"start":{"line":94,"column":4},"end":{"line":94,"column":40}},"26":{"start":{"line":95,"column":4},"end":{"line":95,"column":16}},"27":{"start":{"line":107,"column":2},"end":{"line":109,"column":3}},"28":{"start":{"line":108,"column":4},"end":{"line":108,"column":73}},"29":{"start":{"line":112,"column":26},"end":{"line":112,"column":46}},"30":{"start":{"line":113,"column":2},"end":{"line":113,"column":25}},"31":{"start":{"line":117,"column":28},"end":{"line":121,"column":2}},"32":{"start":{"line":122,"column":0},"end":{"line":122,"column":35}}},"fnMap":{"0":{"name":"get","decl":{"start":{"line":9,"column":9},"end":{"line":9,"column":12}},"loc":{"start":{"line":9,"column":33},"end":{"line":22,"column":1}}},"1":{"name":"set","decl":{"start":{"line":29,"column":9},"end":{"line":29,"column":12}},"loc":{"start":{"line":29,"column":59},"end":{"line":37,"column":1}}},"2":{"name":"_delete","decl":{"start":{"line":43,"column":9},"end":{"line":43,"column":16}},"loc":{"start":{"line":43,"column":37},"end":{"line":51,"column":1}}},"3":{"name":"assertKey","decl":{"start":{"line":59,"column":9},"end":{"line":59,"column":18}},"loc":{"start":{"line":59,"column":39},"end":{"line":63,"column":1}}},"4":{"name":"assertKeyAndValue","decl":{"start":{"line":73,"column":9},"end":{"line":73,"column":26}},"loc":{"start":{"line":73,"column":64},"end":{"line":80,"column":1}}},"5":{"name":"parseJsonData","decl":{"start":{"line":87,"column":9},"end":{"line":87,"column":22}},"loc":{"start":{"line":87,"column":41},"end":{"line":97,"column":1}}},"6":{"name":"stringifyJsonData","decl":{"start":{"line":105,"column":9},"end":{"line":105,"column":26}},"loc":{"start":{"line":105,"column":37},"end":{"line":114,"column":1}}}},"branchMap":{"0":{"loc":{"start":{"line":13,"column":4},"end":{"line":15,"column":5}},"type":"if","locations":[{"start":{"line":13,"column":4},"end":{"line":15,"column":5}}]},"1":{"loc":{"start":{"line":60,"column":2},"end":{"line":62,"column":3}},"type":"if","locations":[{"start":{"line":60,"column":2},"end":{"line":62,"column":3}}]},"2":{"loc":{"start":{"line":60,"column":6},"end":{"line":60,"column":50}},"type":"binary-expr","locations":[{"start":{"line":60,"column":6},"end":{"line":60,"column":29}},{"start":{"line":60,"column":33},"end":{"line":60,"column":50}}]},"3":{"loc":{"start":{"line":77,"column":2},"end":{"line":79,"column":3}},"type":"if","locations":[{"start":{"line":77,"column":2},"end":{"line":79,"column":3}}]},"4":{"loc":{"start":{"line":107,"column":2},"end":{"line":109,"column":3}},"type":"if","locations":[{"start":{"line":107,"column":2},"end":{"line":109,"column":3}}]},"5":{"loc":{"start":{"line":107,"column":6},"end":{"line":107,"column":41}},"type":"binary-expr","locations":[{"start":{"line":107,"column":6},"end":{"line":107,"column":24}},{"start":{"line":107,"column":28},"end":{"line":107,"column":41}}]}},"s":{"0":0,"1":0,"2":0,"3":0,"4":0,"5":0,"6":0,"7":0,"8":0,"9":0,"10":0,"11":0,"12":0,"13":0,"14":0,"15":0,"16":0,"17":0,"18":0,"19":0,"20":0,"21":0,"22":0,"23":0,"24":0,"25":0,"26":0,"27":0,"28":0,"29":0,"30":0,"31":0,"32":0},"f":{"0":0,"1":0,"2":0,"3":0,"4":0,"5":0,"6":0},"b":{"0":[0],"1":[0],"2":[0,0],"3":[0],"4":[0],"5":[0,0]}}
,"C:\\Users\\UINETWORKS\\taeo-modules\\src\\modules\\lodash.module.ts": {"path":"C:\\Users\\UINETWORKS\\taeo-modules\\src\\modules\\lodash.module.ts","statementMap":{"0":{"start":{"line":40,"column":48},"end":{"line":50,"column":5}},"1":{"start":{"line":41,"column":22},"end":{"line":41,"column":26}},"2":{"start":{"line":44,"column":6},"end":{"line":44,"column":38}},"3":{"start":{"line":47,"column":6},"end":{"line":49,"column":16}},"4":{"start":{"line":48,"column":8},"end":{"line":48,"column":34}},"5":{"start":{"line":52,"column":4},"end":{"line":52,"column":25}},"6":{"start":{"line":56,"column":0},"end":{"line":58,"column":2}}},"fnMap":{"0":{"name":"(anonymous_0)","decl":{"start":{"line":39,"column":2},"end":{"line":39,"column":10}},"loc":{"start":{"line":39,"column":68},"end":{"line":53,"column":3}}},"1":{"name":"(anonymous_1)","decl":{"start":{"line":40,"column":48},"end":{"line":40,"column":74}},"loc":{"start":{"line":40,"column":96},"end":{"line":50,"column":5}}},"2":{"name":"(anonymous_2)","decl":{"start":{"line":47,"column":37},"end":{"line":47,"column":40}},"loc":{"start":{"line":47,"column":42},"end":{"line":49,"column":7}}}},"branchMap":{},"s":{"0":0,"1":0,"2":0,"3":0,"4":0,"5":0,"6":0},"f":{"0":0,"1":0,"2":0},"b":{}}
,"C:\\Users\\UINETWORKS\\taeo-modules\\src\\modules\\queue.module.ts": {"path":"C:\\Users\\UINETWORKS\\taeo-modules\\src\\modules\\queue.module.ts","statementMap":{"0":{"start":{"line":10,"column":24},"end":{"line":10,"column":34}},"1":{"start":{"line":23,"column":4},"end":{"line":23,"column":26}},"2":{"start":{"line":31,"column":4},"end":{"line":31,"column":30}},"3":{"start":{"line":35,"column":0},"end":{"line":35,"column":21}}},"fnMap":{"0":{"name":"(anonymous_0)","decl":{"start":{"line":10,"column":2},"end":{"line":10,"column":24}},"loc":{"start":{"line":10,"column":34},"end":{"line":10,"column":38}}},"1":{"name":"(anonymous_1)","decl":{"start":{"line":22,"column":2},"end":{"line":22,"column":7}},"loc":{"start":{"line":22,"column":15},"end":{"line":24,"column":3}}},"2":{"name":"(anonymous_2)","decl":{"start":{"line":30,"column":2},"end":{"line":30,"column":6}},"loc":{"start":{"line":30,"column":6},"end":{"line":32,"column":3}}}},"branchMap":{},"s":{"0":0,"1":0,"2":0,"3":0},"f":{"0":0,"1":0,"2":0},"b":{}}
,"C:\\Users\\UINETWORKS\\taeo-modules\\src\\modules\\stack.module.ts": {"path":"C:\\Users\\UINETWORKS\\taeo-modules\\src\\modules\\stack.module.ts","statementMap":{"0":{"start":{"line":10,"column":24},"end":{"line":10,"column":34}},"1":{"start":{"line":23,"column":4},"end":{"line":23,"column":26}},"2":{"start":{"line":31,"column":4},"end":{"line":31,"column":28}},"3":{"start":{"line":35,"column":0},"end":{"line":35,"column":21}}},"fnMap":{"0":{"name":"(anonymous_0)","decl":{"start":{"line":10,"column":2},"end":{"line":10,"column":24}},"loc":{"start":{"line":10,"column":34},"end":{"line":10,"column":38}}},"1":{"name":"(anonymous_1)","decl":{"start":{"line":22,"column":2},"end":{"line":22,"column":6}},"loc":{"start":{"line":22,"column":14},"end":{"line":24,"column":3}}},"2":{"name":"(anonymous_2)","decl":{"start":{"line":30,"column":2},"end":{"line":30,"column":5}},"loc":{"start":{"line":30,"column":5},"end":{"line":32,"column":3}}}},"branchMap":{},"s":{"0":0,"1":0,"2":0,"3":0},"f":{"0":0,"1":0,"2":0},"b":{}}
,"C:\\Users\\UINETWORKS\\taeo-modules\\src\\modules\\table.module.ts": {"path":"C:\\Users\\UINETWORKS\\taeo-modules\\src\\modules\\table.module.ts","statementMap":{"0":{"start":{"line":4,"column":10},"end":{"line":4,"column":34}},"1":{"start":{"line":7,"column":4},"end":{"line":9,"column":5}},"2":{"start":{"line":8,"column":6},"end":{"line":8,"column":46}},"3":{"start":{"line":14,"column":4},"end":{"line":16,"column":5}},"4":{"start":{"line":15,"column":6},"end":{"line":15,"column":69}},"5":{"start":{"line":18,"column":4},"end":{"line":25,"column":7}},"6":{"start":{"line":19,"column":30},"end":{"line":22,"column":8}},"7":{"start":{"line":24,"column":6},"end":{"line":24,"column":32}},"8":{"start":{"line":27,"column":4},"end":{"line":27,"column":24}},"9":{"start":{"line":32,"column":23},"end":{"line":32,"column":85}},"10":{"start":{"line":32,"column":58},"end":{"line":32,"column":84}},"11":{"start":{"line":34,"column":4},"end":{"line":36,"column":5}},"12":{"start":{"line":35,"column":6},"end":{"line":35,"column":66}},"13":{"start":{"line":38,"column":21},"end":{"line":38,"column":45}},"14":{"start":{"line":39,"column":4},"end":{"line":39,"column":59}},"15":{"start":{"line":43,"column":23},"end":{"line":43,"column":85}},"16":{"start":{"line":43,"column":58},"end":{"line":43,"column":84}},"17":{"start":{"line":45,"column":4},"end":{"line":47,"column":5}},"18":{"start":{"line":46,"column":6},"end":{"line":46,"column":66}},"19":{"start":{"line":49,"column":21},"end":{"line":49,"column":45}},"20":{"start":{"line":50,"column":4},"end":{"line":50,"column":71}},"21":{"start":{"line":55,"column":4},"end":{"line":55,"column":24}},"22":{"start":{"line":60,"column":24},"end":{"line":60,"column":72}},"23":{"start":{"line":60,"column":53},"end":{"line":60,"column":71}},"24":{"start":{"line":62,"column":19},"end":{"line":77,"column":12}},"25":{"start":{"line":64,"column":8},"end":{"line":73,"column":9}},"26":{"start":{"line":65,"column":10},"end":{"line":67,"column":12}},"27":{"start":{"line":69,"column":10},"end":{"line":72,"column":12}},"28":{"start":{"line":76,"column":8},"end":{"line":76,"column":46}},"29":{"start":{"line":79,"column":4},"end":{"line":79,"column":82}},"30":{"start":{"line":79,"column":48},"end":{"line":79,"column":80}},"31":{"start":{"line":84,"column":4},"end":{"line":84,"column":22}},"32":{"start":{"line":87,"column":0},"end":{"line":87,"column":28}}},"fnMap":{"0":{"name":"(anonymous_0)","decl":{"start":{"line":6,"column":2},"end":{"line":6,"column":14}},"loc":{"start":{"line":6,"column":43},"end":{"line":10,"column":3}}},"1":{"name":"(anonymous_1)","decl":{"start":{"line":13,"column":2},"end":{"line":13,"column":20}},"loc":{"start":{"line":13,"column":38},"end":{"line":28,"column":3}}},"2":{"name":"(anonymous_2)","decl":{"start":{"line":18,"column":20},"end":{"line":18,"column":21}},"loc":{"start":{"line":18,"column":38},"end":{"line":25,"column":5}}},"3":{"name":"(anonymous_3)","decl":{"start":{"line":31,"column":2},"end":{"line":31,"column":19}},"loc":{"start":{"line":31,"column":63},"end":{"line":40,"column":3}}},"4":{"name":"(anonymous_4)","decl":{"start":{"line":32,"column":46},"end":{"line":32,"column":47}},"loc":{"start":{"line":32,"column":58},"end":{"line":32,"column":84}}},"5":{"name":"(anonymous_5)","decl":{"start":{"line":42,"column":2},"end":{"line":42,"column":28}},"loc":{"start":{"line":42,"column":57},"end":{"line":51,"column":3}}},"6":{"name":"(anonymous_6)","decl":{"start":{"line":43,"column":46},"end":{"line":43,"column":47}},"loc":{"start":{"line":43,"column":58},"end":{"line":43,"column":84}}},"7":{"name":"(anonymous_7)","decl":{"start":{"line":54,"column":2},"end":{"line":54,"column":12}},"loc":{"start":{"line":54,"column":12},"end":{"line":56,"column":3}}},"8":{"name":"(anonymous_8)","decl":{"start":{"line":59,"column":2},"end":{"line":59,"column":13}},"loc":{"start":{"line":59,"column":65},"end":{"line":80,"column":3}}},"9":{"name":"(anonymous_9)","decl":{"start":{"line":60,"column":41},"end":{"line":60,"column":42}},"loc":{"start":{"line":60,"column":53},"end":{"line":60,"column":71}}},"10":{"name":"(anonymous_10)","decl":{"start":{"line":63,"column":11},"end":{"line":63,"column":12}},"loc":{"start":{"line":63,"column":27},"end":{"line":74,"column":7}}},"11":{"name":"(anonymous_11)","decl":{"start":{"line":75,"column":14},"end":{"line":75,"column":15}},"loc":{"start":{"line":75,"column":39},"end":{"line":77,"column":7}}},"12":{"name":"(anonymous_12)","decl":{"start":{"line":79,"column":34},"end":{"line":79,"column":35}},"loc":{"start":{"line":79,"column":48},"end":{"line":79,"column":80}}},"13":{"name":"(anonymous_13)","decl":{"start":{"line":83,"column":2},"end":{"line":83,"column":9}},"loc":{"start":{"line":83,"column":9},"end":{"line":85,"column":3}}}},"branchMap":{"0":{"loc":{"start":{"line":6,"column":14},"end":{"line":6,"column":43}},"type":"default-arg","locations":[{"start":{"line":6,"column":41},"end":{"line":6,"column":43}}]},"1":{"loc":{"start":{"line":7,"column":4},"end":{"line":9,"column":5}},"type":"if","locations":[{"start":{"line":7,"column":4},"end":{"line":9,"column":5}}]},"2":{"loc":{"start":{"line":14,"column":4},"end":{"line":16,"column":5}},"type":"if","locations":[{"start":{"line":14,"column":4},"end":{"line":16,"column":5}}]},"3":{"loc":{"start":{"line":14,"column":8},"end":{"line":14,"column":40}},"type":"binary-expr","locations":[{"start":{"line":14,"column":8},"end":{"line":14,"column":16}},{"start":{"line":14,"column":20},"end":{"line":14,"column":40}}]},"4":{"loc":{"start":{"line":31,"column":33},"end":{"line":31,"column":63}},"type":"default-arg","locations":[{"start":{"line":31,"column":61},"end":{"line":31,"column":63}}]},"5":{"loc":{"start":{"line":34,"column":4},"end":{"line":36,"column":5}},"type":"if","locations":[{"start":{"line":34,"column":4},"end":{"line":36,"column":5}}]},"6":{"loc":{"start":{"line":45,"column":4},"end":{"line":47,"column":5}},"type":"if","locations":[{"start":{"line":45,"column":4},"end":{"line":47,"column":5}}]},"7":{"loc":{"start":{"line":59,"column":14},"end":{"line":59,"column":32}},"type":"default-arg","locations":[{"start":{"line":59,"column":31},"end":{"line":59,"column":32}}]},"8":{"loc":{"start":{"line":59,"column":34},"end":{"line":59,"column":65}},"type":"default-arg","locations":[{"start":{"line":59,"column":44},"end":{"line":59,"column":65}}]},"9":{"loc":{"start":{"line":64,"column":8},"end":{"line":73,"column":9}},"type":"if","locations":[{"start":{"line":64,"column":8},"end":{"line":73,"column":9}},{"start":{"line":68,"column":15},"end":{"line":73,"column":9}}]}},"s":{"0":0,"1":0,"2":0,"3":0,"4":0,"5":0,"6":0,"7":0,"8":0,"9":0,"10":0,"11":0,"12":0,"13":0,"14":0,"15":0,"16":0,"17":0,"18":0,"19":0,"20":0,"21":0,"22":0,"23":0,"24":0,"25":0,"26":0,"27":0,"28":0,"29":0,"30":0,"31":0,"32":0},"f":{"0":0,"1":0,"2":0,"3":0,"4":0,"5":0,"6":0,"7":0,"8":0,"9":0,"10":0,"11":0,"12":0,"13":0},"b":{"0":[0],"1":[0],"2":[0],"3":[0,0],"4":[0],"5":[0],"6":[0],"7":[0],"8":[0],"9":[0,0]}}
,"C:\\Users\\UINETWORKS\\taeo-modules\\src\\utils\\classNames.util.ts": {"path":"C:\\Users\\UINETWORKS\\taeo-modules\\src\\utils\\classNames.util.ts","statementMap":{"0":{"start":{"line":11,"column":28},"end":{"line":11,"column":30}},"1":{"start":{"line":14,"column":2},"end":{"line":37,"column":5}},"2":{"start":{"line":15,"column":4},"end":{"line":15,"column":21}},"3":{"start":{"line":15,"column":14},"end":{"line":15,"column":21}},"4":{"start":{"line":17,"column":20},"end":{"line":17,"column":30}},"5":{"start":{"line":20,"column":4},"end":{"line":36,"column":5}},"6":{"start":{"line":21,"column":6},"end":{"line":21,"column":35}},"7":{"start":{"line":24,"column":9},"end":{"line":36,"column":5}},"8":{"start":{"line":25,"column":6},"end":{"line":25,"column":39}},"9":{"start":{"line":28,"column":9},"end":{"line":36,"column":5}},"10":{"start":{"line":29,"column":6},"end":{"line":35,"column":9}},"11":{"start":{"line":32,"column":8},"end":{"line":34,"column":9}},"12":{"start":{"line":33,"column":10},"end":{"line":33,"column":28}},"13":{"start":{"line":39,"column":2},"end":{"line":39,"column":27}},"14":{"start":{"line":10,"column":0},"end":{"line":10,"column":16}}},"fnMap":{"0":{"name":"classNames","decl":{"start":{"line":10,"column":16},"end":{"line":10,"column":26}},"loc":{"start":{"line":10,"column":48},"end":{"line":40,"column":1}}},"1":{"name":"(anonymous_1)","decl":{"start":{"line":14,"column":15},"end":{"line":14,"column":16}},"loc":{"start":{"line":14,"column":23},"end":{"line":37,"column":3}}},"2":{"name":"(anonymous_2)","decl":{"start":{"line":29,"column":31},"end":{"line":29,"column":32}},"loc":{"start":{"line":29,"column":39},"end":{"line":35,"column":7}}}},"branchMap":{"0":{"loc":{"start":{"line":15,"column":4},"end":{"line":15,"column":21}},"type":"if","locations":[{"start":{"line":15,"column":4},"end":{"line":15,"column":21}}]},"1":{"loc":{"start":{"line":20,"column":4},"end":{"line":36,"column":5}},"type":"if","locations":[{"start":{"line":20,"column":4},"end":{"line":36,"column":5}},{"start":{"line":24,"column":9},"end":{"line":36,"column":5}}]},"2":{"loc":{"start":{"line":20,"column":8},"end":{"line":20,"column":52}},"type":"binary-expr","locations":[{"start":{"line":20,"column":8},"end":{"line":20,"column":28}},{"start":{"line":20,"column":32},"end":{"line":20,"column":52}}]},"3":{"loc":{"start":{"line":24,"column":9},"end":{"line":36,"column":5}},"type":"if","locations":[{"start":{"line":24,"column":9},"end":{"line":36,"column":5}},{"start":{"line":28,"column":9},"end":{"line":36,"column":5}}]},"4":{"loc":{"start":{"line":28,"column":9},"end":{"line":36,"column":5}},"type":"if","locations":[{"start":{"line":28,"column":9},"end":{"line":36,"column":5}}]},"5":{"loc":{"start":{"line":32,"column":8},"end":{"line":34,"column":9}},"type":"if","locations":[{"start":{"line":32,"column":8},"end":{"line":34,"column":9}}]}},"s":{"0":0,"1":0,"2":0,"3":0,"4":0,"5":0,"6":0,"7":0,"8":0,"9":0,"10":0,"11":0,"12":0,"13":0,"14":0},"f":{"0":0,"1":0,"2":0},"b":{"0":[0],"1":[0,0],"2":[0,0],"3":[0,0],"4":[0],"5":[0]}}
,"C:\\Users\\UINETWORKS\\taeo-modules\\src\\utils\\fooutil.ts": {"path":"C:\\Users\\UINETWORKS\\taeo-modules\\src\\utils\\fooutil.ts","statementMap":{"0":{"start":{"line":6,"column":0},"end":{"line":6,"column":null}},"1":{"start":{"line":8,"column":0},"end":{"line":8,"column":null}}},"fnMap":{"0":{"name":"foo","decl":{"start":{"line":1,"column":9},"end":{"line":1,"column":12}},"loc":{"start":{"line":1,"column":29},"end":{"line":3,"column":1}}}},"branchMap":{},"s":{"0":0,"1":0},"f":{"0":0},"b":{}}
,"C:\\Users\\UINETWORKS\\taeo-modules\\src\\utils\\index.ts": {"path":"C:\\Users\\UINETWORKS\\taeo-modules\\src\\utils\\index.ts","statementMap":{"0":{"start":{"line":1,"column":0},"end":{"line":1,"column":34}}},"fnMap":{},"branchMap":{},"s":{"0":0},"f":{},"b":{}}
}
