TN:
SF:src\index.ts
FNF:0
FNH:0
DA:1,0
DA:4,0
DA:5,0
DA:8,0
LF:4
LH:0
BRF:0
BRH:0
end_of_record
TN:
SF:src\helpers\index.ts
FNF:0
FNH:0
DA:1,2
DA:2,2
DA:3,2
DA:4,2
DA:5,2
DA:7,2
DA:9,2
DA:11,2
DA:12,2
DA:13,2
DA:14,2
DA:15,2
DA:16,2
DA:17,2
DA:18,2
DA:20,2
DA:22,2
DA:23,2
LF:18
LH:18
BRF:0
BRH:0
end_of_record
TN:
SF:src\helpers\checker\equal-value-checker.helper.ts
FN:10,equalValueChecker
FNF:1
FNH:0
FNDA:0,equalValueChecker
DA:10,2
DA:11,0
DA:12,0
LF:3
LH:1
BRDA:11,0,0,0
BRF:1
BRH:0
end_of_record
TN:
SF:src\helpers\checker\is-alphabet-checker.helper.ts
FN:9,isAlphabetChecker
FNF:1
FNH:0
FNDA:0,isAlphabetChecker
DA:9,2
DA:10,0
DA:11,0
DA:12,0
LF:4
LH:1
BRF:0
BRH:0
end_of_record
TN:
SF:src\helpers\checker\is-data-compare-checker.helper.ts
FN:10,isDataCompareChecker
FNF:1
FNH:0
FNDA:0,isDataCompareChecker
DA:10,2
DA:11,0
DA:13,0
DA:15,0
LF:4
LH:1
BRF:0
BRH:0
end_of_record
TN:
SF:src\helpers\checker\is-empty-object-checker.helper.ts
FN:8,isEmptyObjectChecker
FNF:1
FNH:0
FNDA:0,isEmptyObjectChecker
DA:8,2
DA:9,0
DA:10,0
LF:3
LH:1
BRDA:9,0,0,0
BRDA:9,1,0,0
BRDA:9,1,1,0
BRF:3
BRH:0
end_of_record
TN:
SF:src\helpers\checker\is-ref-checker.helper.ts
FN:7,isRefChecker
FNF:1
FNH:0
FNDA:0,isRefChecker
DA:7,2
DA:8,0
DA:10,0
DA:11,0
DA:13,0
DA:15,0
DA:16,0
DA:18,0
LF:8
LH:1
BRDA:10,0,0,0
BRDA:10,1,0,0
BRDA:10,1,1,0
BRDA:10,1,2,0
BRDA:13,2,0,0
BRDA:13,2,1,0
BRDA:15,3,0,0
BRF:7
BRH:0
end_of_record
TN:
SF:src\helpers\date\date-plus-year.helper.ts
FN:12,datePlusYear
FNF:1
FNH:0
FNDA:0,datePlusYear
DA:12,2
DA:13,0
DA:14,0
DA:16,0
DA:18,0
DA:20,0
DA:22,0
DA:24,0
DA:26,0
DA:28,0
DA:29,0
DA:31,0
DA:33,0
LF:13
LH:1
BRDA:12,0,0,0
BRDA:16,1,0,0
BRDA:20,2,0,0
BRDA:20,3,0,0
BRDA:20,3,1,0
BRDA:28,4,0,0
BRDA:28,4,1,0
BRF:7
BRH:0
end_of_record
TN:
SF:src\helpers\form\phone-number-to-array.helper.ts
FN:10,phoneNumberToArray
FNF:1
FNH:0
FNDA:0,phoneNumberToArray
DA:10,2
DA:12,0
DA:15,0
DA:16,0
DA:19,0
DA:20,0
DA:22,0
DA:24,0
DA:25,0
DA:26,0
DA:27,0
DA:30,0
LF:12
LH:1
BRDA:10,0,0,0
BRDA:20,1,0,0
BRDA:20,1,1,0
BRDA:24,2,0,0
BRDA:24,2,1,0
BRDA:26,3,0,0
BRF:6
BRH:0
end_of_record
TN:
SF:src\helpers\format\date-to-korean-string.helper.ts
FN:12,dateToKoreanString
FNF:1
FNH:0
FNDA:0,dateToKoreanString
DA:12,2
DA:13,0
DA:14,0
DA:15,0
DA:18,0
DA:20,0
DA:22,0
DA:23,0
DA:26,0
DA:27,0
DA:28,0
DA:30,0
DA:32,0
DA:33,0
DA:35,0
DA:37,0
LF:16
LH:1
BRDA:12,0,0,0
BRDA:14,1,0,0
BRDA:22,2,0,0
BRDA:32,3,0,0
BRDA:32,3,1,0
BRF:5
BRH:0
end_of_record
TN:
SF:src\helpers\format\extraction-only-alpahbet.helper.ts
FN:11,extractionOnlyAlphabet
FNF:1
FNH:0
FNDA:0,extractionOnlyAlphabet
DA:11,2
DA:14,0
DA:16,0
DA:17,0
DA:20,0
DA:22,0
LF:6
LH:1
BRDA:16,0,0,0
BRF:1
BRH:0
end_of_record
TN:
SF:src\helpers\format\extraction-only-korean.helper.ts
FN:11,extractionOnlyKorean
FNF:1
FNH:0
FNDA:0,extractionOnlyKorean
DA:11,2
DA:13,0
DA:14,0
DA:15,0
DA:17,0
DA:18,0
LF:6
LH:1
BRDA:14,0,0,0
BRF:1
BRH:0
end_of_record
TN:
SF:src\helpers\format\extraction-only-number.helper.ts
FN:10,extractionOnlyNumber
FNF:1
FNH:0
FNDA:0,extractionOnlyNumber
DA:10,2
DA:12,0
DA:13,0
DA:14,0
DA:16,0
DA:17,0
LF:6
LH:1
BRDA:13,0,0,0
BRF:1
BRH:0
end_of_record
TN:
SF:src\helpers\format\extraction-only-string.helper.ts
FN:8,extractionOnlyString
FNF:1
FNH:0
FNDA:0,extractionOnlyString
DA:8,2
DA:9,0
DA:10,0
DA:11,0
DA:13,0
DA:14,0
LF:6
LH:1
BRDA:10,0,0,0
BRF:1
BRH:0
end_of_record
TN:
SF:src\helpers\format\number-by-comma.helper.ts
FN:7,numberByComma
FNF:1
FNH:0
FNDA:0,numberByComma
DA:7,2
DA:8,0
DA:10,0
DA:12,0
DA:14,0
DA:15,0
DA:16,0
DA:18,0
DA:21,0
DA:22,0
LF:10
LH:1
BRDA:10,0,0,0
BRDA:10,0,1,0
BRF:2
BRH:0
end_of_record
TN:
SF:src\helpers\format\time-split-format.helper.ts
FN:12,timeSplitFormat
FNF:1
FNH:0
FNDA:0,timeSplitFormat
DA:12,2
DA:13,0
DA:14,0
DA:15,0
DA:17,0
DA:18,0
DA:19,0
DA:22,0
DA:23,0
LF:9
LH:1
BRDA:13,0,0,0
BRDA:17,1,0,0
BRDA:17,2,0,0
BRDA:17,2,1,0
BRF:4
BRH:0
end_of_record
TN:
SF:src\helpers\format\time-to-korean-string.helper.ts
FN:8,timeToKoreanString
FNF:1
FNH:0
FNDA:0,timeToKoreanString
DA:8,2
DA:9,0
DA:11,0
DA:13,0
DA:14,0
DA:15,0
DA:20,0
DA:21,0
DA:22,0
DA:25,0
DA:26,0
DA:27,0
DA:30,0
LF:13
LH:1
BRDA:11,0,0,0
BRDA:11,0,1,0
BRDA:11,0,2,0
BRDA:13,1,0,0
BRDA:20,2,0,0
BRDA:20,3,0,0
BRDA:20,3,1,0
BRDA:22,4,0,0
BRDA:22,4,1,0
BRDA:25,5,0,0
BRDA:26,6,0,0
BRDA:26,6,1,0
BRDA:27,7,0,0
BRDA:27,7,1,0
BRDA:30,8,0,0
BRDA:30,8,1,0
BRDA:30,9,0,0
BRDA:30,9,1,0
BRF:18
BRH:0
end_of_record
TN:
SF:src\helpers\language\korean-subject-particle-modify.helper.ts
FN:9,koreanSubjectParticleModifyer
FNF:1
FNH:0
FNDA:0,koreanSubjectParticleModifyer
DA:9,2
DA:10,0
DA:12,0
DA:15,0
DA:18,0
DA:22,0
DA:24,0
DA:27,0
DA:31,0
DA:36,0
LF:10
LH:1
BRDA:12,0,0,0
BRDA:22,1,0,0
BRDA:22,1,1,0
BRF:3
BRH:0
end_of_record
TN:
SF:src\helpers\validate\is-email-validate.helper.ts
FN:8,isEmailValidate
FNF:1
FNH:1
FNDA:2,isEmailValidate
DA:1,2
DA:8,2
DA:9,2
DA:10,1
LF:4
LH:4
BRDA:9,0,0,1
BRF:1
BRH:1
end_of_record
TN:
SF:src\helpers\validate\only-number-validate.helper.ts
FN:7,onlyNumberValidate
FNF:1
FNH:1
FNDA:6,onlyNumberValidate
DA:7,2
DA:8,6
DA:10,6
DA:12,6
LF:4
LH:4
BRF:0
BRH:0
end_of_record
TN:
SF:src\modules\cookie.module.ts
FN:17,getCookie
FN:27,setCookie
FN:36,deleteCookie
FN:40,(anonymous_3)
FNF:4
FNH:0
FNDA:0,getCookie
FNDA:0,setCookie
FNDA:0,deleteCookie
FNDA:0,(anonymous_3)
DA:1,0
DA:18,0
DA:28,0
DA:37,0
DA:40,0
DA:41,0
LF:6
LH:0
BRDA:18,0,0,0
BRDA:18,0,1,0
BRDA:18,1,0,0
BRDA:18,1,1,0
BRDA:18,2,0,0
BRDA:18,2,1,0
BRDA:28,3,0,0
BRDA:28,3,1,0
BRDA:28,4,0,0
BRDA:28,4,1,0
BRDA:37,5,0,0
BRDA:37,5,1,0
BRDA:37,6,0,0
BRDA:37,6,1,0
BRF:14
BRH:0
end_of_record
TN:
SF:src\modules\index.ts
FNF:0
FNH:0
DA:1,0
DA:2,0
DA:3,0
DA:4,0
DA:5,0
DA:6,0
LF:6
LH:0
BRF:0
BRH:0
end_of_record
TN:
SF:src\modules\localStorage.module.ts
FN:9,get
FN:29,set
FN:43,_delete
FN:59,assertKey
FN:73,assertKeyAndValue
FN:87,parseJsonData
FN:105,stringifyJsonData
FNF:7
FNH:0
FNDA:0,get
FNDA:0,set
FNDA:0,_delete
FNDA:0,assertKey
FNDA:0,assertKeyAndValue
FNDA:0,parseJsonData
FNDA:0,stringifyJsonData
DA:10,0
DA:11,0
DA:13,0
DA:14,0
DA:17,0
DA:19,0
DA:20,0
DA:30,0
DA:31,0
DA:32,0
DA:33,0
DA:35,0
DA:44,0
DA:45,0
DA:46,0
DA:47,0
DA:49,0
DA:60,0
DA:61,0
DA:74,0
DA:77,0
DA:78,0
DA:88,0
DA:90,0
DA:91,0
DA:94,0
DA:95,0
DA:107,0
DA:108,0
DA:112,0
DA:113,0
DA:117,0
DA:122,0
LF:33
LH:0
BRDA:13,0,0,0
BRDA:60,1,0,0
BRDA:60,2,0,0
BRDA:60,2,1,0
BRDA:77,3,0,0
BRDA:107,4,0,0
BRDA:107,5,0,0
BRDA:107,5,1,0
BRF:8
BRH:0
end_of_record
TN:
SF:src\modules\lodash.module.ts
FN:39,(anonymous_0)
FN:40,(anonymous_1)
FN:47,(anonymous_2)
FNF:3
FNH:0
FNDA:0,(anonymous_0)
FNDA:0,(anonymous_1)
FNDA:0,(anonymous_2)
DA:40,0
DA:41,0
DA:44,0
DA:47,0
DA:48,0
DA:52,0
DA:56,0
LF:7
LH:0
BRF:0
BRH:0
end_of_record
TN:
SF:src\modules\queue.module.ts
FN:10,(anonymous_0)
FN:22,(anonymous_1)
FN:30,(anonymous_2)
FNF:3
FNH:0
FNDA:0,(anonymous_0)
FNDA:0,(anonymous_1)
FNDA:0,(anonymous_2)
DA:10,0
DA:23,0
DA:31,0
DA:35,0
LF:4
LH:0
BRF:0
BRH:0
end_of_record
TN:
SF:src\modules\stack.module.ts
FN:10,(anonymous_0)
FN:22,(anonymous_1)
FN:30,(anonymous_2)
FNF:3
FNH:0
FNDA:0,(anonymous_0)
FNDA:0,(anonymous_1)
FNDA:0,(anonymous_2)
DA:10,0
DA:23,0
DA:31,0
DA:35,0
LF:4
LH:0
BRF:0
BRH:0
end_of_record
TN:
SF:src\modules\table.module.ts
FN:6,(anonymous_0)
FN:13,(anonymous_1)
FN:18,(anonymous_2)
FN:31,(anonymous_3)
FN:32,(anonymous_4)
FN:42,(anonymous_5)
FN:43,(anonymous_6)
FN:54,(anonymous_7)
FN:59,(anonymous_8)
FN:60,(anonymous_9)
FN:63,(anonymous_10)
FN:75,(anonymous_11)
FN:79,(anonymous_12)
FN:83,(anonymous_13)
FNF:14
FNH:0
FNDA:0,(anonymous_0)
FNDA:0,(anonymous_1)
FNDA:0,(anonymous_2)
FNDA:0,(anonymous_3)
FNDA:0,(anonymous_4)
FNDA:0,(anonymous_5)
FNDA:0,(anonymous_6)
FNDA:0,(anonymous_7)
FNDA:0,(anonymous_8)
FNDA:0,(anonymous_9)
FNDA:0,(anonymous_10)
FNDA:0,(anonymous_11)
FNDA:0,(anonymous_12)
FNDA:0,(anonymous_13)
DA:4,0
DA:7,0
DA:8,0
DA:14,0
DA:15,0
DA:18,0
DA:19,0
DA:24,0
DA:27,0
DA:32,0
DA:34,0
DA:35,0
DA:38,0
DA:39,0
DA:43,0
DA:45,0
DA:46,0
DA:49,0
DA:50,0
DA:55,0
DA:60,0
DA:62,0
DA:64,0
DA:65,0
DA:69,0
DA:76,0
DA:79,0
DA:84,0
DA:87,0
LF:29
LH:0
BRDA:6,0,0,0
BRDA:7,1,0,0
BRDA:14,2,0,0
BRDA:14,3,0,0
BRDA:14,3,1,0
BRDA:31,4,0,0
BRDA:34,5,0,0
BRDA:45,6,0,0
BRDA:59,7,0,0
BRDA:59,8,0,0
BRDA:64,9,0,0
BRDA:64,9,1,0
BRF:12
BRH:0
end_of_record
TN:
SF:src\utils\classNames.util.ts
FN:10,classNames
FN:14,(anonymous_1)
FN:29,(anonymous_2)
FNF:3
FNH:0
FNDA:0,classNames
FNDA:0,(anonymous_1)
FNDA:0,(anonymous_2)
DA:10,0
DA:11,0
DA:14,0
DA:15,0
DA:17,0
DA:20,0
DA:21,0
DA:24,0
DA:25,0
DA:28,0
DA:29,0
DA:32,0
DA:33,0
DA:39,0
LF:14
LH:0
BRDA:15,0,0,0
BRDA:20,1,0,0
BRDA:20,1,1,0
BRDA:20,2,0,0
BRDA:20,2,1,0
BRDA:24,3,0,0
BRDA:24,3,1,0
BRDA:28,4,0,0
BRDA:32,5,0,0
BRF:9
BRH:0
end_of_record
TN:
SF:src\utils\fooutil.ts
FN:1,foo
FNF:1
FNH:0
FNDA:0,foo
DA:6,0
DA:8,0
LF:2
LH:0
BRF:0
BRH:0
end_of_record
TN:
SF:src\utils\index.ts
FNF:0
FNH:0
DA:1,0
LF:1
LH:0
BRF:0
BRH:0
end_of_record
